2025-08-25 13:51:18,218 - MainThread - sqlmesh.core.config.connection - INFO - Creating new DuckDB adapter for data files: {'db.db'} (connection.py:487)
2025-08-25 13:51:19,130 - MainThread - sqlmesh.core.config.connection - INFO - Creating new DuckDB adapter for in-memory database (connection.py:489)
2025-08-25 13:51:19,318 - MainThread - sqlmesh.core.config.connection - INFO - Using existing DuckDB adapter due to overlapping data file: db.db (connection.py:477)
2025-08-25 13:51:19,338 - MainThread - sqlmesh.core.state_sync.db.migrator - INFO - Applying migration <module 'sqlmesh.migrations.v0001_init' from '/Users/aliakseipetsiuk/WORKSPACE/sqlmesh_test/.venv/lib/python3.9/site-packages/sqlmesh/migrations/v0001_init.py'> (migrator.py:177)
2025-08-25 13:51:19,344 - MainThread - sqlmesh.core.state_sync.db.migrator - INFO - Applying migration <module 'sqlmesh.migrations.v0002_remove_identify' from '/Users/aliakseipetsiuk/WORKSPACE/sqlmesh_test/.venv/lib/python3.9/site-packages/sqlmesh/migrations/v0002_remove_identify.py'> (migrator.py:177)
2025-08-25 13:51:19,344 - MainThread - sqlmesh.core.state_sync.db.migrator - INFO - Applying migration <module 'sqlmesh.migrations.v0003_move_batch_size' from '/Users/aliakseipetsiuk/WORKSPACE/sqlmesh_test/.venv/lib/python3.9/site-packages/sqlmesh/migrations/v0003_move_batch_size.py'> (migrator.py:177)
2025-08-25 13:51:19,344 - MainThread - sqlmesh.core.state_sync.db.migrator - INFO - Applying migration <module 'sqlmesh.migrations.v0004_environmnent_add_finalized_at' from '/Users/aliakseipetsiuk/WORKSPACE/sqlmesh_test/.venv/lib/python3.9/site-packages/sqlmesh/migrations/v0004_environmnent_add_finalized_at.py'> (migrator.py:177)
2025-08-25 13:51:19,345 - MainThread - sqlmesh.core.state_sync.db.migrator - INFO - Applying migration <module 'sqlmesh.migrations.v0005_create_seed_table' from '/Users/aliakseipetsiuk/WORKSPACE/sqlmesh_test/.venv/lib/python3.9/site-packages/sqlmesh/migrations/v0005_create_seed_table.py'> (migrator.py:177)
2025-08-25 13:51:19,346 - MainThread - sqlmesh.core.state_sync.db.migrator - INFO - Applying migration <module 'sqlmesh.migrations.v0006_change_seed_hash' from '/Users/aliakseipetsiuk/WORKSPACE/sqlmesh_test/.venv/lib/python3.9/site-packages/sqlmesh/migrations/v0006_change_seed_hash.py'> (migrator.py:177)
2025-08-25 13:51:19,346 - MainThread - sqlmesh.core.state_sync.db.migrator - INFO - Applying migration <module 'sqlmesh.migrations.v0007_env_table_info_to_kind' from '/Users/aliakseipetsiuk/WORKSPACE/sqlmesh_test/.venv/lib/python3.9/site-packages/sqlmesh/migrations/v0007_env_table_info_to_kind.py'> (migrator.py:177)
2025-08-25 13:51:19,347 - MainThread - sqlmesh.core.state_sync.db.migrator - INFO - Applying migration <module 'sqlmesh.migrations.v0008_create_intervals_table' from '/Users/aliakseipetsiuk/WORKSPACE/sqlmesh_test/.venv/lib/python3.9/site-packages/sqlmesh/migrations/v0008_create_intervals_table.py'> (migrator.py:177)
2025-08-25 13:51:19,349 - MainThread - sqlmesh.core.state_sync.db.migrator - INFO - Applying migration <module 'sqlmesh.migrations.v0009_remove_pre_post_hooks' from '/Users/aliakseipetsiuk/WORKSPACE/sqlmesh_test/.venv/lib/python3.9/site-packages/sqlmesh/migrations/v0009_remove_pre_post_hooks.py'> (migrator.py:177)
2025-08-25 13:51:19,350 - MainThread - sqlmesh.core.state_sync.db.migrator - INFO - Applying migration <module 'sqlmesh.migrations.v0010_seed_hash_batch_size' from '/Users/aliakseipetsiuk/WORKSPACE/sqlmesh_test/.venv/lib/python3.9/site-packages/sqlmesh/migrations/v0010_seed_hash_batch_size.py'> (migrator.py:177)
2025-08-25 13:51:19,350 - MainThread - sqlmesh.core.state_sync.db.migrator - INFO - Applying migration <module 'sqlmesh.migrations.v0011_add_model_kind_name' from '/Users/aliakseipetsiuk/WORKSPACE/sqlmesh_test/.venv/lib/python3.9/site-packages/sqlmesh/migrations/v0011_add_model_kind_name.py'> (migrator.py:177)
2025-08-25 13:51:19,351 - MainThread - sqlmesh.core.state_sync.db.migrator - INFO - Applying migration <module 'sqlmesh.migrations.v0012_update_jinja_expressions' from '/Users/aliakseipetsiuk/WORKSPACE/sqlmesh_test/.venv/lib/python3.9/site-packages/sqlmesh/migrations/v0012_update_jinja_expressions.py'> (migrator.py:177)
2025-08-25 13:51:19,352 - MainThread - sqlmesh.core.state_sync.db.migrator - INFO - Applying migration <module 'sqlmesh.migrations.v0013_serde_using_model_dialects' from '/Users/aliakseipetsiuk/WORKSPACE/sqlmesh_test/.venv/lib/python3.9/site-packages/sqlmesh/migrations/v0013_serde_using_model_dialects.py'> (migrator.py:177)
2025-08-25 13:51:19,352 - MainThread - sqlmesh.core.state_sync.db.migrator - INFO - Applying migration <module 'sqlmesh.migrations.v0014_fix_dev_intervals' from '/Users/aliakseipetsiuk/WORKSPACE/sqlmesh_test/.venv/lib/python3.9/site-packages/sqlmesh/migrations/v0014_fix_dev_intervals.py'> (migrator.py:177)
2025-08-25 13:51:19,353 - MainThread - sqlmesh.core.state_sync.db.migrator - INFO - Applying migration <module 'sqlmesh.migrations.v0015_environment_add_promoted_snapshot_ids' from '/Users/aliakseipetsiuk/WORKSPACE/sqlmesh_test/.venv/lib/python3.9/site-packages/sqlmesh/migrations/v0015_environment_add_promoted_snapshot_ids.py'> (migrator.py:177)
2025-08-25 13:51:19,353 - MainThread - sqlmesh.core.state_sync.db.migrator - INFO - Applying migration <module 'sqlmesh.migrations.v0016_fix_windows_path' from '/Users/aliakseipetsiuk/WORKSPACE/sqlmesh_test/.venv/lib/python3.9/site-packages/sqlmesh/migrations/v0016_fix_windows_path.py'> (migrator.py:177)
2025-08-25 13:51:19,354 - MainThread - sqlmesh.core.state_sync.db.migrator - INFO - Applying migration <module 'sqlmesh.migrations.v0017_fix_windows_seed_path' from '/Users/aliakseipetsiuk/WORKSPACE/sqlmesh_test/.venv/lib/python3.9/site-packages/sqlmesh/migrations/v0017_fix_windows_seed_path.py'> (migrator.py:177)
2025-08-25 13:51:19,355 - MainThread - sqlmesh.core.state_sync.db.migrator - INFO - Applying migration <module 'sqlmesh.migrations.v0018_rename_snapshot_model_to_node' from '/Users/aliakseipetsiuk/WORKSPACE/sqlmesh_test/.venv/lib/python3.9/site-packages/sqlmesh/migrations/v0018_rename_snapshot_model_to_node.py'> (migrator.py:177)
2025-08-25 13:51:19,356 - MainThread - sqlmesh.core.state_sync.db.migrator - INFO - Applying migration <module 'sqlmesh.migrations.v0019_add_env_suffix_target' from '/Users/aliakseipetsiuk/WORKSPACE/sqlmesh_test/.venv/lib/python3.9/site-packages/sqlmesh/migrations/v0019_add_env_suffix_target.py'> (migrator.py:177)
2025-08-25 13:51:19,357 - MainThread - sqlmesh.core.state_sync.db.migrator - INFO - Applying migration <module 'sqlmesh.migrations.v0020_remove_redundant_attributes_from_dbt_models' from '/Users/aliakseipetsiuk/WORKSPACE/sqlmesh_test/.venv/lib/python3.9/site-packages/sqlmesh/migrations/v0020_remove_redundant_attributes_from_dbt_models.py'> (migrator.py:177)
2025-08-25 13:51:19,357 - MainThread - sqlmesh.core.state_sync.db.migrator - INFO - Applying migration <module 'sqlmesh.migrations.v0021_fix_table_properties' from '/Users/aliakseipetsiuk/WORKSPACE/sqlmesh_test/.venv/lib/python3.9/site-packages/sqlmesh/migrations/v0021_fix_table_properties.py'> (migrator.py:177)
2025-08-25 13:51:19,358 - MainThread - sqlmesh.core.state_sync.db.migrator - INFO - Applying migration <module 'sqlmesh.migrations.v0022_move_project_to_model' from '/Users/aliakseipetsiuk/WORKSPACE/sqlmesh_test/.venv/lib/python3.9/site-packages/sqlmesh/migrations/v0022_move_project_to_model.py'> (migrator.py:177)
2025-08-25 13:51:19,359 - MainThread - sqlmesh.core.state_sync.db.migrator - INFO - Applying migration <module 'sqlmesh.migrations.v0023_fix_added_models_with_forward_only_parents' from '/Users/aliakseipetsiuk/WORKSPACE/sqlmesh_test/.venv/lib/python3.9/site-packages/sqlmesh/migrations/v0023_fix_added_models_with_forward_only_parents.py'> (migrator.py:177)
2025-08-25 13:51:19,359 - MainThread - sqlmesh.core.state_sync.db.migrator - INFO - Applying migration <module 'sqlmesh.migrations.v0024_replace_model_kind_name_enum_with_value' from '/Users/aliakseipetsiuk/WORKSPACE/sqlmesh_test/.venv/lib/python3.9/site-packages/sqlmesh/migrations/v0024_replace_model_kind_name_enum_with_value.py'> (migrator.py:177)
2025-08-25 13:51:19,360 - MainThread - sqlmesh.core.state_sync.db.migrator - INFO - Applying migration <module 'sqlmesh.migrations.v0025_fix_intervals_and_missing_change_category' from '/Users/aliakseipetsiuk/WORKSPACE/sqlmesh_test/.venv/lib/python3.9/site-packages/sqlmesh/migrations/v0025_fix_intervals_and_missing_change_category.py'> (migrator.py:177)
2025-08-25 13:51:19,361 - MainThread - sqlmesh.core.state_sync.db.migrator - INFO - Applying migration <module 'sqlmesh.migrations.v0026_remove_dialect_from_seed' from '/Users/aliakseipetsiuk/WORKSPACE/sqlmesh_test/.venv/lib/python3.9/site-packages/sqlmesh/migrations/v0026_remove_dialect_from_seed.py'> (migrator.py:177)
2025-08-25 13:51:19,361 - MainThread - sqlmesh.core.state_sync.db.migrator - INFO - Applying migration <module 'sqlmesh.migrations.v0027_minute_interval_to_five' from '/Users/aliakseipetsiuk/WORKSPACE/sqlmesh_test/.venv/lib/python3.9/site-packages/sqlmesh/migrations/v0027_minute_interval_to_five.py'> (migrator.py:177)
2025-08-25 13:51:19,362 - MainThread - sqlmesh.core.state_sync.db.migrator - INFO - Applying migration <module 'sqlmesh.migrations.v0028_add_plan_dags_table' from '/Users/aliakseipetsiuk/WORKSPACE/sqlmesh_test/.venv/lib/python3.9/site-packages/sqlmesh/migrations/v0028_add_plan_dags_table.py'> (migrator.py:177)
2025-08-25 13:51:19,364 - MainThread - sqlmesh.core.state_sync.db.migrator - INFO - Applying migration <module 'sqlmesh.migrations.v0029_generate_schema_types_using_dialect' from '/Users/aliakseipetsiuk/WORKSPACE/sqlmesh_test/.venv/lib/python3.9/site-packages/sqlmesh/migrations/v0029_generate_schema_types_using_dialect.py'> (migrator.py:177)
2025-08-25 13:51:19,364 - MainThread - sqlmesh.core.state_sync.db.migrator - INFO - Applying migration <module 'sqlmesh.migrations.v0030_update_unrestorable_snapshots' from '/Users/aliakseipetsiuk/WORKSPACE/sqlmesh_test/.venv/lib/python3.9/site-packages/sqlmesh/migrations/v0030_update_unrestorable_snapshots.py'> (migrator.py:177)
2025-08-25 13:51:19,365 - MainThread - sqlmesh.core.state_sync.db.migrator - INFO - Applying migration <module 'sqlmesh.migrations.v0031_remove_dbt_target_fields' from '/Users/aliakseipetsiuk/WORKSPACE/sqlmesh_test/.venv/lib/python3.9/site-packages/sqlmesh/migrations/v0031_remove_dbt_target_fields.py'> (migrator.py:177)
2025-08-25 13:51:19,366 - MainThread - sqlmesh.core.state_sync.db.migrator - INFO - Applying migration <module 'sqlmesh.migrations.v0032_add_sqlmesh_version' from '/Users/aliakseipetsiuk/WORKSPACE/sqlmesh_test/.venv/lib/python3.9/site-packages/sqlmesh/migrations/v0032_add_sqlmesh_version.py'> (migrator.py:177)
2025-08-25 13:51:19,366 - MainThread - sqlmesh.core.state_sync.db.migrator - INFO - Applying migration <module 'sqlmesh.migrations.v0033_mysql_fix_blob_text_type' from '/Users/aliakseipetsiuk/WORKSPACE/sqlmesh_test/.venv/lib/python3.9/site-packages/sqlmesh/migrations/v0033_mysql_fix_blob_text_type.py'> (migrator.py:177)
2025-08-25 13:51:19,366 - MainThread - sqlmesh.core.state_sync.db.migrator - INFO - Applying migration <module 'sqlmesh.migrations.v0034_add_default_catalog' from '/Users/aliakseipetsiuk/WORKSPACE/sqlmesh_test/.venv/lib/python3.9/site-packages/sqlmesh/migrations/v0034_add_default_catalog.py'> (migrator.py:177)
2025-08-25 13:51:19,369 - MainThread - sqlmesh.core.state_sync.db.migrator - INFO - Applying migration <module 'sqlmesh.migrations.v0035_add_catalog_name_override' from '/Users/aliakseipetsiuk/WORKSPACE/sqlmesh_test/.venv/lib/python3.9/site-packages/sqlmesh/migrations/v0035_add_catalog_name_override.py'> (migrator.py:177)
2025-08-25 13:51:19,370 - MainThread - sqlmesh.core.state_sync.db.migrator - INFO - Applying migration <module 'sqlmesh.migrations.v0036_delete_plan_dags_bug_fix' from '/Users/aliakseipetsiuk/WORKSPACE/sqlmesh_test/.venv/lib/python3.9/site-packages/sqlmesh/migrations/v0036_delete_plan_dags_bug_fix.py'> (migrator.py:177)
2025-08-25 13:51:19,370 - MainThread - sqlmesh.core.state_sync.db.migrator - INFO - Applying migration <module 'sqlmesh.migrations.v0037_remove_dbt_is_incremental_macro' from '/Users/aliakseipetsiuk/WORKSPACE/sqlmesh_test/.venv/lib/python3.9/site-packages/sqlmesh/migrations/v0037_remove_dbt_is_incremental_macro.py'> (migrator.py:177)
2025-08-25 13:51:19,371 - MainThread - sqlmesh.core.state_sync.db.migrator - INFO - Applying migration <module 'sqlmesh.migrations.v0038_add_expiration_ts_to_snapshot' from '/Users/aliakseipetsiuk/WORKSPACE/sqlmesh_test/.venv/lib/python3.9/site-packages/sqlmesh/migrations/v0038_add_expiration_ts_to_snapshot.py'> (migrator.py:177)
2025-08-25 13:51:19,372 - MainThread - sqlmesh.core.state_sync.db.migrator - INFO - Applying migration <module 'sqlmesh.migrations.v0039_include_environment_in_plan_dag_spec' from '/Users/aliakseipetsiuk/WORKSPACE/sqlmesh_test/.venv/lib/python3.9/site-packages/sqlmesh/migrations/v0039_include_environment_in_plan_dag_spec.py'> (migrator.py:177)
2025-08-25 13:51:19,372 - MainThread - sqlmesh.core.state_sync.db.migrator - INFO - Applying migration <module 'sqlmesh.migrations.v0040_add_previous_finalized_snapshots' from '/Users/aliakseipetsiuk/WORKSPACE/sqlmesh_test/.venv/lib/python3.9/site-packages/sqlmesh/migrations/v0040_add_previous_finalized_snapshots.py'> (migrator.py:177)
2025-08-25 13:51:19,373 - MainThread - sqlmesh.core.state_sync.db.migrator - INFO - Applying migration <module 'sqlmesh.migrations.v0041_remove_hash_raw_query_attribute' from '/Users/aliakseipetsiuk/WORKSPACE/sqlmesh_test/.venv/lib/python3.9/site-packages/sqlmesh/migrations/v0041_remove_hash_raw_query_attribute.py'> (migrator.py:177)
2025-08-25 13:51:19,373 - MainThread - sqlmesh.core.state_sync.db.migrator - INFO - Applying migration <module 'sqlmesh.migrations.v0042_trim_indirect_versions' from '/Users/aliakseipetsiuk/WORKSPACE/sqlmesh_test/.venv/lib/python3.9/site-packages/sqlmesh/migrations/v0042_trim_indirect_versions.py'> (migrator.py:177)
2025-08-25 13:51:19,374 - MainThread - sqlmesh.core.state_sync.db.migrator - INFO - Applying migration <module 'sqlmesh.migrations.v0043_fix_remove_obsolete_attributes_in_plan_dags' from '/Users/aliakseipetsiuk/WORKSPACE/sqlmesh_test/.venv/lib/python3.9/site-packages/sqlmesh/migrations/v0043_fix_remove_obsolete_attributes_in_plan_dags.py'> (migrator.py:177)
2025-08-25 13:51:19,375 - MainThread - sqlmesh.core.state_sync.db.migrator - INFO - Applying migration <module 'sqlmesh.migrations.v0044_quote_identifiers_in_model_attributes' from '/Users/aliakseipetsiuk/WORKSPACE/sqlmesh_test/.venv/lib/python3.9/site-packages/sqlmesh/migrations/v0044_quote_identifiers_in_model_attributes.py'> (migrator.py:177)
2025-08-25 13:51:19,375 - MainThread - sqlmesh.core.state_sync.db.migrator - INFO - Applying migration <module 'sqlmesh.migrations.v0045_move_gateway_variable' from '/Users/aliakseipetsiuk/WORKSPACE/sqlmesh_test/.venv/lib/python3.9/site-packages/sqlmesh/migrations/v0045_move_gateway_variable.py'> (migrator.py:177)
2025-08-25 13:51:19,375 - MainThread - sqlmesh.core.state_sync.db.migrator - INFO - Applying migration <module 'sqlmesh.migrations.v0046_add_batch_concurrency' from '/Users/aliakseipetsiuk/WORKSPACE/sqlmesh_test/.venv/lib/python3.9/site-packages/sqlmesh/migrations/v0046_add_batch_concurrency.py'> (migrator.py:177)
2025-08-25 13:51:19,375 - MainThread - sqlmesh.core.state_sync.db.migrator - INFO - Applying migration <module 'sqlmesh.migrations.v0047_change_scd_string_to_column' from '/Users/aliakseipetsiuk/WORKSPACE/sqlmesh_test/.venv/lib/python3.9/site-packages/sqlmesh/migrations/v0047_change_scd_string_to_column.py'> (migrator.py:177)
2025-08-25 13:51:19,375 - MainThread - sqlmesh.core.state_sync.db.migrator - INFO - Applying migration <module 'sqlmesh.migrations.v0048_drop_indirect_versions' from '/Users/aliakseipetsiuk/WORKSPACE/sqlmesh_test/.venv/lib/python3.9/site-packages/sqlmesh/migrations/v0048_drop_indirect_versions.py'> (migrator.py:177)
2025-08-25 13:51:19,376 - MainThread - sqlmesh.core.state_sync.db.migrator - INFO - Applying migration <module 'sqlmesh.migrations.v0049_replace_identifier_with_version_in_seeds_table' from '/Users/aliakseipetsiuk/WORKSPACE/sqlmesh_test/.venv/lib/python3.9/site-packages/sqlmesh/migrations/v0049_replace_identifier_with_version_in_seeds_table.py'> (migrator.py:177)
2025-08-25 13:51:19,381 - MainThread - sqlmesh.core.state_sync.db.migrator - INFO - Applying migration <module 'sqlmesh.migrations.v0050_drop_seeds_table' from '/Users/aliakseipetsiuk/WORKSPACE/sqlmesh_test/.venv/lib/python3.9/site-packages/sqlmesh/migrations/v0050_drop_seeds_table.py'> (migrator.py:177)
2025-08-25 13:51:19,381 - MainThread - sqlmesh.core.state_sync.db.migrator - INFO - Applying migration <module 'sqlmesh.migrations.v0051_rename_column_descriptions' from '/Users/aliakseipetsiuk/WORKSPACE/sqlmesh_test/.venv/lib/python3.9/site-packages/sqlmesh/migrations/v0051_rename_column_descriptions.py'> (migrator.py:177)
2025-08-25 13:51:19,381 - MainThread - sqlmesh.core.state_sync.db.migrator - INFO - Applying migration <module 'sqlmesh.migrations.v0052_add_normalize_name_in_environment_naming_info' from '/Users/aliakseipetsiuk/WORKSPACE/sqlmesh_test/.venv/lib/python3.9/site-packages/sqlmesh/migrations/v0052_add_normalize_name_in_environment_naming_info.py'> (migrator.py:177)
2025-08-25 13:51:19,382 - MainThread - sqlmesh.core.state_sync.db.migrator - INFO - Applying migration <module 'sqlmesh.migrations.v0053_custom_model_kind_extra_attributes' from '/Users/aliakseipetsiuk/WORKSPACE/sqlmesh_test/.venv/lib/python3.9/site-packages/sqlmesh/migrations/v0053_custom_model_kind_extra_attributes.py'> (migrator.py:177)
2025-08-25 13:51:19,382 - MainThread - sqlmesh.core.state_sync.db.migrator - INFO - Applying migration <module 'sqlmesh.migrations.v0054_fix_trailing_comments' from '/Users/aliakseipetsiuk/WORKSPACE/sqlmesh_test/.venv/lib/python3.9/site-packages/sqlmesh/migrations/v0054_fix_trailing_comments.py'> (migrator.py:177)
2025-08-25 13:51:19,382 - MainThread - sqlmesh.core.state_sync.db.migrator - INFO - Applying migration <module 'sqlmesh.migrations.v0055_add_updated_ts_unpaused_ts_ttl_ms_unrestorable_to_snapshot' from '/Users/aliakseipetsiuk/WORKSPACE/sqlmesh_test/.venv/lib/python3.9/site-packages/sqlmesh/migrations/v0055_add_updated_ts_unpaused_ts_ttl_ms_unrestorable_to_snapshot.py'> (migrator.py:177)
2025-08-25 13:51:19,385 - MainThread - sqlmesh.core.state_sync.db.migrator - INFO - Applying migration <module 'sqlmesh.migrations.v0056_restore_table_indexes' from '/Users/aliakseipetsiuk/WORKSPACE/sqlmesh_test/.venv/lib/python3.9/site-packages/sqlmesh/migrations/v0056_restore_table_indexes.py'> (migrator.py:177)
2025-08-25 13:51:19,385 - MainThread - sqlmesh.core.state_sync.db.migrator - INFO - Applying migration <module 'sqlmesh.migrations.v0057_add_table_format' from '/Users/aliakseipetsiuk/WORKSPACE/sqlmesh_test/.venv/lib/python3.9/site-packages/sqlmesh/migrations/v0057_add_table_format.py'> (migrator.py:177)
2025-08-25 13:51:19,385 - MainThread - sqlmesh.core.state_sync.db.migrator - INFO - Applying migration <module 'sqlmesh.migrations.v0058_add_requirements' from '/Users/aliakseipetsiuk/WORKSPACE/sqlmesh_test/.venv/lib/python3.9/site-packages/sqlmesh/migrations/v0058_add_requirements.py'> (migrator.py:177)
2025-08-25 13:51:19,385 - MainThread - sqlmesh.core.state_sync.db.migrator - INFO - Applying migration <module 'sqlmesh.migrations.v0059_add_physical_version' from '/Users/aliakseipetsiuk/WORKSPACE/sqlmesh_test/.venv/lib/python3.9/site-packages/sqlmesh/migrations/v0059_add_physical_version.py'> (migrator.py:177)
2025-08-25 13:51:19,385 - MainThread - sqlmesh.core.state_sync.db.migrator - INFO - Applying migration <module 'sqlmesh.migrations.v0060_move_audits_to_model' from '/Users/aliakseipetsiuk/WORKSPACE/sqlmesh_test/.venv/lib/python3.9/site-packages/sqlmesh/migrations/v0060_move_audits_to_model.py'> (migrator.py:177)
2025-08-25 13:51:19,386 - MainThread - sqlmesh.core.state_sync.db.migrator - INFO - Applying migration <module 'sqlmesh.migrations.v0061_mysql_fix_blob_text_type' from '/Users/aliakseipetsiuk/WORKSPACE/sqlmesh_test/.venv/lib/python3.9/site-packages/sqlmesh/migrations/v0061_mysql_fix_blob_text_type.py'> (migrator.py:177)
2025-08-25 13:51:19,386 - MainThread - sqlmesh.core.state_sync.db.migrator - INFO - Applying migration <module 'sqlmesh.migrations.v0062_add_model_gateway' from '/Users/aliakseipetsiuk/WORKSPACE/sqlmesh_test/.venv/lib/python3.9/site-packages/sqlmesh/migrations/v0062_add_model_gateway.py'> (migrator.py:177)
2025-08-25 13:51:19,386 - MainThread - sqlmesh.core.state_sync.db.migrator - INFO - Applying migration <module 'sqlmesh.migrations.v0063_change_signals' from '/Users/aliakseipetsiuk/WORKSPACE/sqlmesh_test/.venv/lib/python3.9/site-packages/sqlmesh/migrations/v0063_change_signals.py'> (migrator.py:177)
2025-08-25 13:51:19,387 - MainThread - sqlmesh.core.state_sync.db.migrator - INFO - Applying migration <module 'sqlmesh.migrations.v0064_join_when_matched_strings' from '/Users/aliakseipetsiuk/WORKSPACE/sqlmesh_test/.venv/lib/python3.9/site-packages/sqlmesh/migrations/v0064_join_when_matched_strings.py'> (migrator.py:177)
2025-08-25 13:51:19,388 - MainThread - sqlmesh.core.state_sync.db.migrator - INFO - Applying migration <module 'sqlmesh.migrations.v0065_add_model_optimize' from '/Users/aliakseipetsiuk/WORKSPACE/sqlmesh_test/.venv/lib/python3.9/site-packages/sqlmesh/migrations/v0065_add_model_optimize.py'> (migrator.py:177)
2025-08-25 13:51:19,388 - MainThread - sqlmesh.core.state_sync.db.migrator - INFO - Applying migration <module 'sqlmesh.migrations.v0066_add_auto_restatements' from '/Users/aliakseipetsiuk/WORKSPACE/sqlmesh_test/.venv/lib/python3.9/site-packages/sqlmesh/migrations/v0066_add_auto_restatements.py'> (migrator.py:177)
2025-08-25 13:51:19,390 - MainThread - sqlmesh.core.state_sync.db.migrator - INFO - Applying migration <module 'sqlmesh.migrations.v0067_add_tsql_date_full_precision' from '/Users/aliakseipetsiuk/WORKSPACE/sqlmesh_test/.venv/lib/python3.9/site-packages/sqlmesh/migrations/v0067_add_tsql_date_full_precision.py'> (migrator.py:177)
2025-08-25 13:51:19,390 - MainThread - sqlmesh.core.state_sync.db.migrator - INFO - Applying migration <module 'sqlmesh.migrations.v0068_include_unrendered_query_in_metadata_hash' from '/Users/aliakseipetsiuk/WORKSPACE/sqlmesh_test/.venv/lib/python3.9/site-packages/sqlmesh/migrations/v0068_include_unrendered_query_in_metadata_hash.py'> (migrator.py:177)
2025-08-25 13:51:19,390 - MainThread - sqlmesh.core.state_sync.db.migrator - INFO - Applying migration <module 'sqlmesh.migrations.v0069_update_dev_table_suffix' from '/Users/aliakseipetsiuk/WORKSPACE/sqlmesh_test/.venv/lib/python3.9/site-packages/sqlmesh/migrations/v0069_update_dev_table_suffix.py'> (migrator.py:177)
2025-08-25 13:51:19,393 - MainThread - sqlmesh.core.state_sync.db.migrator - INFO - Applying migration <module 'sqlmesh.migrations.v0070_include_grains_in_metadata_hash' from '/Users/aliakseipetsiuk/WORKSPACE/sqlmesh_test/.venv/lib/python3.9/site-packages/sqlmesh/migrations/v0070_include_grains_in_metadata_hash.py'> (migrator.py:177)
2025-08-25 13:51:19,393 - MainThread - sqlmesh.core.state_sync.db.migrator - INFO - Applying migration <module 'sqlmesh.migrations.v0071_add_dev_version_to_intervals' from '/Users/aliakseipetsiuk/WORKSPACE/sqlmesh_test/.venv/lib/python3.9/site-packages/sqlmesh/migrations/v0071_add_dev_version_to_intervals.py'> (migrator.py:177)
2025-08-25 13:51:19,396 - MainThread - sqlmesh.core.state_sync.db.migrator - INFO - Applying migration <module 'sqlmesh.migrations.v0072_add_environment_statements' from '/Users/aliakseipetsiuk/WORKSPACE/sqlmesh_test/.venv/lib/python3.9/site-packages/sqlmesh/migrations/v0072_add_environment_statements.py'> (migrator.py:177)
2025-08-25 13:51:19,397 - MainThread - sqlmesh.core.state_sync.db.migrator - INFO - Applying migration <module 'sqlmesh.migrations.v0073_remove_symbolic_disable_restatement' from '/Users/aliakseipetsiuk/WORKSPACE/sqlmesh_test/.venv/lib/python3.9/site-packages/sqlmesh/migrations/v0073_remove_symbolic_disable_restatement.py'> (migrator.py:177)
2025-08-25 13:51:19,398 - MainThread - sqlmesh.core.state_sync.db.migrator - INFO - Applying migration <module 'sqlmesh.migrations.v0074_add_partition_by_time_column_property' from '/Users/aliakseipetsiuk/WORKSPACE/sqlmesh_test/.venv/lib/python3.9/site-packages/sqlmesh/migrations/v0074_add_partition_by_time_column_property.py'> (migrator.py:177)
2025-08-25 13:51:19,398 - MainThread - sqlmesh.core.state_sync.db.migrator - INFO - Applying migration <module 'sqlmesh.migrations.v0075_remove_validate_query' from '/Users/aliakseipetsiuk/WORKSPACE/sqlmesh_test/.venv/lib/python3.9/site-packages/sqlmesh/migrations/v0075_remove_validate_query.py'> (migrator.py:177)
2025-08-25 13:51:19,399 - MainThread - sqlmesh.core.state_sync.db.migrator - INFO - Applying migration <module 'sqlmesh.migrations.v0076_add_cron_tz' from '/Users/aliakseipetsiuk/WORKSPACE/sqlmesh_test/.venv/lib/python3.9/site-packages/sqlmesh/migrations/v0076_add_cron_tz.py'> (migrator.py:177)
2025-08-25 13:51:19,399 - MainThread - sqlmesh.core.state_sync.db.migrator - INFO - Applying migration <module 'sqlmesh.migrations.v0077_fix_column_type_hash_calculation' from '/Users/aliakseipetsiuk/WORKSPACE/sqlmesh_test/.venv/lib/python3.9/site-packages/sqlmesh/migrations/v0077_fix_column_type_hash_calculation.py'> (migrator.py:177)
2025-08-25 13:51:19,399 - MainThread - sqlmesh.core.state_sync.db.migrator - INFO - Applying migration <module 'sqlmesh.migrations.v0078_warn_if_non_migratable_python_env' from '/Users/aliakseipetsiuk/WORKSPACE/sqlmesh_test/.venv/lib/python3.9/site-packages/sqlmesh/migrations/v0078_warn_if_non_migratable_python_env.py'> (migrator.py:177)
2025-08-25 13:51:19,399 - MainThread - sqlmesh.core.state_sync.db.migrator - INFO - Applying migration <module 'sqlmesh.migrations.v0079_add_gateway_managed_property' from '/Users/aliakseipetsiuk/WORKSPACE/sqlmesh_test/.venv/lib/python3.9/site-packages/sqlmesh/migrations/v0079_add_gateway_managed_property.py'> (migrator.py:177)
2025-08-25 13:51:19,400 - MainThread - sqlmesh.core.state_sync.db.migrator - INFO - Applying migration <module 'sqlmesh.migrations.v0080_add_batch_size_to_scd_type_2_models' from '/Users/aliakseipetsiuk/WORKSPACE/sqlmesh_test/.venv/lib/python3.9/site-packages/sqlmesh/migrations/v0080_add_batch_size_to_scd_type_2_models.py'> (migrator.py:177)
2025-08-25 13:51:19,400 - MainThread - sqlmesh.core.state_sync.db.migrator - INFO - Applying migration <module 'sqlmesh.migrations.v0081_update_partitioned_by' from '/Users/aliakseipetsiuk/WORKSPACE/sqlmesh_test/.venv/lib/python3.9/site-packages/sqlmesh/migrations/v0081_update_partitioned_by.py'> (migrator.py:177)
2025-08-25 13:51:19,401 - MainThread - sqlmesh.core.state_sync.db.migrator - INFO - Applying migration <module 'sqlmesh.migrations.v0082_warn_if_incorrectly_duplicated_statements' from '/Users/aliakseipetsiuk/WORKSPACE/sqlmesh_test/.venv/lib/python3.9/site-packages/sqlmesh/migrations/v0082_warn_if_incorrectly_duplicated_statements.py'> (migrator.py:177)
2025-08-25 13:51:19,401 - MainThread - sqlmesh.core.state_sync.db.migrator - INFO - Applying migration <module 'sqlmesh.migrations.v0083_use_sql_for_scd_time_data_type_data_hash' from '/Users/aliakseipetsiuk/WORKSPACE/sqlmesh_test/.venv/lib/python3.9/site-packages/sqlmesh/migrations/v0083_use_sql_for_scd_time_data_type_data_hash.py'> (migrator.py:177)
2025-08-25 13:51:19,401 - MainThread - sqlmesh.core.state_sync.db.migrator - INFO - Applying migration <module 'sqlmesh.migrations.v0084_normalize_quote_when_matched_and_merge_filter' from '/Users/aliakseipetsiuk/WORKSPACE/sqlmesh_test/.venv/lib/python3.9/site-packages/sqlmesh/migrations/v0084_normalize_quote_when_matched_and_merge_filter.py'> (migrator.py:177)
2025-08-25 13:51:19,401 - MainThread - sqlmesh.core.state_sync.db.migrator - INFO - Applying migration <module 'sqlmesh.migrations.v0085_deterministic_repr' from '/Users/aliakseipetsiuk/WORKSPACE/sqlmesh_test/.venv/lib/python3.9/site-packages/sqlmesh/migrations/v0085_deterministic_repr.py'> (migrator.py:177)
2025-08-25 13:51:19,402 - MainThread - sqlmesh.core.state_sync.db.migrator - INFO - Applying migration <module 'sqlmesh.migrations.v0086_check_deterministic_bug' from '/Users/aliakseipetsiuk/WORKSPACE/sqlmesh_test/.venv/lib/python3.9/site-packages/sqlmesh/migrations/v0086_check_deterministic_bug.py'> (migrator.py:177)
2025-08-25 13:51:19,403 - MainThread - sqlmesh.core.state_sync.db.migrator - INFO - Applying migration <module 'sqlmesh.migrations.v0087_normalize_blueprint_variables' from '/Users/aliakseipetsiuk/WORKSPACE/sqlmesh_test/.venv/lib/python3.9/site-packages/sqlmesh/migrations/v0087_normalize_blueprint_variables.py'> (migrator.py:177)
2025-08-25 13:51:19,403 - MainThread - sqlmesh.core.state_sync.db.migrator - INFO - Applying migration <module 'sqlmesh.migrations.v0088_warn_about_variable_python_env_diffs' from '/Users/aliakseipetsiuk/WORKSPACE/sqlmesh_test/.venv/lib/python3.9/site-packages/sqlmesh/migrations/v0088_warn_about_variable_python_env_diffs.py'> (migrator.py:177)
2025-08-25 13:51:19,404 - MainThread - sqlmesh.core.state_sync.db.migrator - INFO - Applying migration <module 'sqlmesh.migrations.v0089_add_virtual_environment_mode' from '/Users/aliakseipetsiuk/WORKSPACE/sqlmesh_test/.venv/lib/python3.9/site-packages/sqlmesh/migrations/v0089_add_virtual_environment_mode.py'> (migrator.py:177)
2025-08-25 13:51:19,404 - MainThread - sqlmesh.core.state_sync.db.migrator - INFO - Applying migration <module 'sqlmesh.migrations.v0090_add_forward_only_column' from '/Users/aliakseipetsiuk/WORKSPACE/sqlmesh_test/.venv/lib/python3.9/site-packages/sqlmesh/migrations/v0090_add_forward_only_column.py'> (migrator.py:177)
2025-08-25 13:51:19,405 - MainThread - sqlmesh.core.state_sync.db.migrator - INFO - Applying migration <module 'sqlmesh.migrations.v0091_on_additive_change' from '/Users/aliakseipetsiuk/WORKSPACE/sqlmesh_test/.venv/lib/python3.9/site-packages/sqlmesh/migrations/v0091_on_additive_change.py'> (migrator.py:177)
2025-08-25 13:51:19,406 - MainThread - sqlmesh.core.state_sync.db.migrator - INFO - Fetching environments (migrator.py:196)
2025-08-25 13:51:19,406 - MainThread - sqlmesh.core.state_sync.db.migrator - INFO - Migrating snapshot rows... (migrator.py:213)
2025-08-25 13:51:19,407 - MainThread - sqlmesh.core.state_sync.db.migrator - INFO - No changes to snapshots detected (migrator.py:206)
2025-08-25 13:54:14,074 - MainThread - sqlmesh.core.plan.evaluator - INFO - Evaluating plan stage CreateSnapshotRecordsStage (evaluator.py:125)
2025-08-25 13:54:14,086 - MainThread - sqlmesh.core.plan.evaluator - INFO - Evaluating plan stage PhysicalLayerSchemaCreationStage (evaluator.py:125)
2025-08-25 13:54:14,087 - MainThread - sqlmesh.core.snapshot.evaluator - INFO - Creating schema 'db.sqlmesh__sqlmesh_example' (evaluator.py:1360)
2025-08-25 13:54:14,087 - MainThread - sqlmesh.core.engine_adapter.base - INFO - Executing SQL: /* SQLMESH_PLAN: 4fc140c5fe54451e9ccec1d949d83347 */ CREATE SCHEMA IF NOT EXISTS "db"."sqlmesh__sqlmesh_example" (base.py:2410)
2025-08-25 13:54:14,088 - MainThread - sqlmesh.core.plan.evaluator - INFO - Evaluating plan stage BackfillStage (evaluator.py:125)
2025-08-25 13:54:14,128 - MainThread - sqlmesh.core.snapshot.evaluator - INFO - Listing data objects in schema db.sqlmesh__sqlmesh_example (evaluator.py:434)
2025-08-25 13:54:14,128 - MainThread - sqlmesh.core.engine_adapter.base - INFO - Executing SQL: /* SQLMESH_PLAN: 4fc140c5fe54451e9ccec1d949d83347 */ SELECT CURRENT_CATALOG() (base.py:2410)
2025-08-25 13:54:14,128 - MainThread - sqlmesh.core.engine_adapter.base - INFO - Executing SQL: /* SQLMESH_PLAN: 4fc140c5fe54451e9ccec1d949d83347 */ SELECT CURRENT_CATALOG() (base.py:2410)
2025-08-25 13:54:14,129 - MainThread - sqlmesh.core.engine_adapter.base - INFO - Executing SQL: /* SQLMESH_PLAN: 4fc140c5fe54451e9ccec1d949d83347 */ SELECT table_name AS name, table_schema AS schema, CASE table_type WHEN 'BASE TABLE' THEN 'table' WHEN 'VIEW' THEN 'view' WHEN 'LOCAL TEMPORARY' THEN 'table' END AS type FROM system.information_schema.tables WHERE (table_catalog = 'db' AND table_schema = 'sqlmesh__sqlmesh_example') AND table_name IN ('sqlmesh_example__seed_model__3896887493', 'sqlmesh_example__full_model__3221862751', 'sqlmesh_example__incremental_model__1164253530') (base.py:2410)
2025-08-25 13:54:14,131 - MainThread - sqlmesh.core.snapshot.evaluator - INFO - Evaluating snapshot SnapshotId<"db"."sqlmesh_example"."seed_model": 3235124586> (evaluator.py:717)
2025-08-25 13:54:14,131 - MainThread - sqlmesh.core.snapshot.evaluator - INFO - Creating table 'db.sqlmesh__sqlmesh_example.sqlmesh_example__seed_model__3896887493' (evaluator.py:1712)
2025-08-25 13:54:14,132 - MainThread - sqlmesh.core.engine_adapter.base - INFO - Executing SQL: /* SQLMESH_PLAN: 4fc140c5fe54451e9ccec1d949d83347 */ SELECT CURRENT_CATALOG() (base.py:2410)
2025-08-25 13:54:14,132 - MainThread - sqlmesh.core.engine_adapter.base - INFO - Executing SQL: /* SQLMESH_PLAN: 4fc140c5fe54451e9ccec1d949d83347 */ SELECT type FROM DUCKDB_DATABASES() WHERE database_name = 'db' (base.py:2410)
2025-08-25 13:54:14,133 - MainThread - sqlmesh.core.engine_adapter.base - INFO - Executing SQL: /* SQLMESH_PLAN: 4fc140c5fe54451e9ccec1d949d83347 */ CREATE TABLE IF NOT EXISTS "db"."sqlmesh__sqlmesh_example"."sqlmesh_example__seed_model__3896887493" ("id" INT, "item_id" INT, "event_date" DATE) (base.py:2410)
2025-08-25 13:54:14,140 - MainThread - sqlmesh.core.engine_adapter.base - INFO - Executing SQL: /* SQLMESH_PLAN: 4fc140c5fe54451e9ccec1d949d83347 */ SELECT CURRENT_CATALOG() (base.py:2410)
2025-08-25 13:54:14,140 - MainThread - sqlmesh.core.engine_adapter.base - INFO - Executing SQL: /* SQLMESH_PLAN: 4fc140c5fe54451e9ccec1d949d83347 */ SELECT CURRENT_CATALOG() (base.py:2410)
2025-08-25 13:54:14,141 - MainThread - sqlmesh.core.engine_adapter.base - INFO - Executing SQL: /* SQLMESH_PLAN: 4fc140c5fe54451e9ccec1d949d83347 */ SELECT table_name AS name, table_schema AS schema, CASE table_type WHEN 'BASE TABLE' THEN 'table' WHEN 'VIEW' THEN 'view' WHEN 'LOCAL TEMPORARY' THEN 'table' END AS type FROM system.information_schema.tables WHERE (table_catalog = 'db' AND table_schema = 'sqlmesh__sqlmesh_example') AND table_name IN ('sqlmesh_example__seed_model__3896887493') (base.py:2410)
2025-08-25 13:54:14,144 - MainThread - sqlmesh.core.engine_adapter.base - INFO - Executing SQL: /* SQLMESH_PLAN: 4fc140c5fe54451e9ccec1d949d83347 */ SELECT CURRENT_CATALOG() (base.py:2410)
2025-08-25 13:54:14,144 - MainThread - sqlmesh.core.engine_adapter.base - INFO - Executing SQL: /* SQLMESH_PLAN: 4fc140c5fe54451e9ccec1d949d83347 */ SELECT type FROM DUCKDB_DATABASES() WHERE database_name = 'db' (base.py:2410)
2025-08-25 13:54:14,145 - MainThread - sqlmesh.core.engine_adapter.base - INFO - Executing SQL: /* SQLMESH_PLAN: 4fc140c5fe54451e9ccec1d949d83347 */ CREATE OR REPLACE TABLE "db"."sqlmesh__sqlmesh_example"."sqlmesh_example__seed_model__3896887493" AS SELECT CAST("id" AS INT) AS "id", CAST("item_id" AS INT) AS "item_id", CAST("event_date" AS DATE) AS "event_date" FROM (SELECT "id", "item_id", "event_date" FROM "db"."sqlmesh__sqlmesh_example"."__temp_sqlmesh_example__seed_model__3896887493_1fkxj1z7") AS "_subquery" (base.py:2410)
2025-08-25 13:54:14,145 - MainThread - sqlmesh.core.engine_adapter.base - INFO - Executing SQL: /* SQLMESH_PLAN: 4fc140c5fe54451e9ccec1d949d83347 */ DROP TABLE IF EXISTS "db"."sqlmesh__sqlmesh_example"."__temp_sqlmesh_example__seed_model__3896887493_1fkxj1z7" (base.py:2410)
2025-08-25 13:54:14,146 - MainThread - sqlmesh.core.state_sync.db.facade - INFO - Adding interval (2025-08-24 00:00:00, 2025-08-25 00:00:00) for snapshot SnapshotId<"db"."sqlmesh_example"."seed_model": 3235124586> (facade.py:619)
2025-08-25 13:54:14,146 - MainThread - sqlmesh.core.state_sync.db.interval - INFO - Pushing intervals for snapshot SnapshotId<"db"."sqlmesh_example"."seed_model": 3235124586> (interval.py:213)
2025-08-25 13:54:14,152 - MainThread - sqlmesh.core.snapshot.evaluator - INFO - Creating a physical table for snapshot SnapshotId<"db"."sqlmesh_example"."incremental_model": 466812841> (evaluator.py:838)
2025-08-25 13:54:14,157 - MainThread - sqlmesh.core.snapshot.evaluator - INFO - Creating table 'db.sqlmesh__sqlmesh_example.sqlmesh_example__incremental_model__1164253530' (evaluator.py:1712)
2025-08-25 13:54:14,157 - MainThread - sqlmesh.core.engine_adapter.base - INFO - Executing SQL: /* SQLMESH_PLAN: 4fc140c5fe54451e9ccec1d949d83347 */ SELECT CURRENT_CATALOG() (base.py:2410)
2025-08-25 13:54:14,158 - MainThread - sqlmesh.core.engine_adapter.base - INFO - Executing SQL: /* SQLMESH_PLAN: 4fc140c5fe54451e9ccec1d949d83347 */ SELECT type FROM DUCKDB_DATABASES() WHERE database_name = 'db' (base.py:2410)
2025-08-25 13:54:14,159 - MainThread - sqlmesh.core.engine_adapter.base - INFO - Executing SQL: /* SQLMESH_PLAN: 4fc140c5fe54451e9ccec1d949d83347 */ CREATE TABLE IF NOT EXISTS "db"."sqlmesh__sqlmesh_example"."sqlmesh_example__incremental_model__1164253530" ("id" INT, "item_id" INT, "event_date" DATE) (base.py:2410)
2025-08-25 13:54:14,159 - MainThread - sqlmesh.core.snapshot.evaluator - INFO - Dry running model 'sqlmesh_example.incremental_model' (evaluator.py:1734)
2025-08-25 13:54:14,160 - MainThread - sqlmesh.core.engine_adapter.base - INFO - Executing SQL: /* SQLMESH_PLAN: 4fc140c5fe54451e9ccec1d949d83347 */ SELECT "seed_model"."id" AS "id", "seed_model"."item_id" AS "item_id", "seed_model"."event_date" AS "event_date" FROM "db"."sqlmesh__sqlmesh_example"."sqlmesh_example__seed_model__3896887493" AS "seed_model" WHERE ("seed_model"."event_date" <= CAST('1970-01-01' AS DATE) AND "seed_model"."event_date" >= CAST('1970-01-01' AS DATE)) AND FALSE LIMIT 0 (base.py:2410)
2025-08-25 13:54:14,160 - MainThread - sqlmesh.core.snapshot.evaluator - INFO - Evaluating snapshot SnapshotId<"db"."sqlmesh_example"."incremental_model": 466812841> (evaluator.py:717)
2025-08-25 13:54:14,160 - MainThread - sqlmesh.core.snapshot.evaluator - INFO - Inserting data for snapshot SnapshotId<"db"."sqlmesh_example"."incremental_model": 466812841> (evaluator.py:898)
2025-08-25 13:54:14,165 - MainThread - sqlmesh.core.snapshot.evaluator - INFO - Inserting batch (2020-01-01 00:00:00, 2025-08-25 00:00:00) into db.sqlmesh__sqlmesh_example.sqlmesh_example__incremental_model__1164253530' (evaluator.py:929)
2025-08-25 13:54:14,166 - MainThread - sqlmesh.core.engine_adapter.base - INFO - Executing SQL: /* SQLMESH_PLAN: 4fc140c5fe54451e9ccec1d949d83347 */ DELETE FROM "db"."sqlmesh__sqlmesh_example"."sqlmesh_example__incremental_model__1164253530" WHERE "event_date" BETWEEN CAST('2020-01-01' AS DATE) AND CAST('2025-08-24' AS DATE) (base.py:2410)
2025-08-25 13:54:14,167 - MainThread - sqlmesh.core.engine_adapter.base - INFO - Executing SQL: /* SQLMESH_PLAN: 4fc140c5fe54451e9ccec1d949d83347 */ INSERT INTO "db"."sqlmesh__sqlmesh_example"."sqlmesh_example__incremental_model__1164253530" ("id", "item_id", "event_date") SELECT "id", "item_id", "event_date" FROM (SELECT "seed_model"."id" AS "id", "seed_model"."item_id" AS "item_id", "seed_model"."event_date" AS "event_date" FROM "db"."sqlmesh__sqlmesh_example"."sqlmesh_example__seed_model__3896887493" AS "seed_model" WHERE "seed_model"."event_date" <= CAST('2025-08-24' AS DATE) AND "seed_model"."event_date" >= CAST('2020-01-01' AS DATE)) AS "_subquery" WHERE "event_date" BETWEEN CAST('2020-01-01' AS DATE) AND CAST('2025-08-24' AS DATE) (base.py:2410)
2025-08-25 13:54:14,167 - MainThread - sqlmesh.core.state_sync.db.facade - INFO - Adding interval (2020-01-01 00:00:00, 2025-08-25 00:00:00) for snapshot SnapshotId<"db"."sqlmesh_example"."incremental_model": 466812841> (facade.py:619)
2025-08-25 13:54:14,167 - MainThread - sqlmesh.core.state_sync.db.interval - INFO - Pushing intervals for snapshot SnapshotId<"db"."sqlmesh_example"."incremental_model": 466812841> (interval.py:213)
2025-08-25 13:54:14,173 - MainThread - sqlmesh.core.snapshot.evaluator - INFO - Evaluating snapshot SnapshotId<"db"."sqlmesh_example"."full_model": 2788901432> (evaluator.py:717)
2025-08-25 13:54:14,176 - MainThread - sqlmesh.core.snapshot.evaluator - INFO - Creating table 'db.sqlmesh__sqlmesh_example.sqlmesh_example__full_model__3221862751' (evaluator.py:1712)
2025-08-25 13:54:14,176 - MainThread - sqlmesh.core.engine_adapter.base - INFO - Executing SQL: /* SQLMESH_PLAN: 4fc140c5fe54451e9ccec1d949d83347 */ SELECT CURRENT_CATALOG() (base.py:2410)
2025-08-25 13:54:14,176 - MainThread - sqlmesh.core.engine_adapter.base - INFO - Executing SQL: /* SQLMESH_PLAN: 4fc140c5fe54451e9ccec1d949d83347 */ SELECT type FROM DUCKDB_DATABASES() WHERE database_name = 'db' (base.py:2410)
2025-08-25 13:54:14,177 - MainThread - sqlmesh.core.engine_adapter.base - INFO - Executing SQL: /* SQLMESH_PLAN: 4fc140c5fe54451e9ccec1d949d83347 */ CREATE TABLE IF NOT EXISTS "db"."sqlmesh__sqlmesh_example"."sqlmesh_example__full_model__3221862751" ("item_id" INT, "num_orders" BIGINT) (base.py:2410)
2025-08-25 13:54:14,177 - MainThread - sqlmesh.core.snapshot.evaluator - INFO - Inserting data for snapshot SnapshotId<"db"."sqlmesh_example"."full_model": 2788901432> (evaluator.py:898)
2025-08-25 13:54:14,180 - MainThread - sqlmesh.core.snapshot.evaluator - INFO - Inserting batch (2025-08-24 00:00:00, 2025-08-25 00:00:00) into db.sqlmesh__sqlmesh_example.sqlmesh_example__full_model__3221862751' (evaluator.py:929)
2025-08-25 13:54:14,180 - MainThread - sqlmesh.core.engine_adapter.base - INFO - Executing SQL: /* SQLMESH_PLAN: 4fc140c5fe54451e9ccec1d949d83347 */ SELECT CURRENT_CATALOG() (base.py:2410)
2025-08-25 13:54:14,180 - MainThread - sqlmesh.core.engine_adapter.base - INFO - Executing SQL: /* SQLMESH_PLAN: 4fc140c5fe54451e9ccec1d949d83347 */ SELECT CURRENT_CATALOG() (base.py:2410)
2025-08-25 13:54:14,181 - MainThread - sqlmesh.core.engine_adapter.base - INFO - Executing SQL: /* SQLMESH_PLAN: 4fc140c5fe54451e9ccec1d949d83347 */ SELECT table_name AS name, table_schema AS schema, CASE table_type WHEN 'BASE TABLE' THEN 'table' WHEN 'VIEW' THEN 'view' WHEN 'LOCAL TEMPORARY' THEN 'table' END AS type FROM system.information_schema.tables WHERE (table_catalog = 'db' AND table_schema = 'sqlmesh__sqlmesh_example') AND table_name IN ('sqlmesh_example__full_model__3221862751') (base.py:2410)
2025-08-25 13:54:14,184 - MainThread - sqlmesh.core.engine_adapter.base - INFO - Executing SQL: /* SQLMESH_PLAN: 4fc140c5fe54451e9ccec1d949d83347 */ SELECT CURRENT_CATALOG() (base.py:2410)
2025-08-25 13:54:14,185 - MainThread - sqlmesh.core.engine_adapter.base - INFO - Executing SQL: /* SQLMESH_PLAN: 4fc140c5fe54451e9ccec1d949d83347 */ SELECT type FROM DUCKDB_DATABASES() WHERE database_name = 'db' (base.py:2410)
2025-08-25 13:54:14,185 - MainThread - sqlmesh.core.engine_adapter.base - INFO - Executing SQL: /* SQLMESH_PLAN: 4fc140c5fe54451e9ccec1d949d83347 */ CREATE OR REPLACE TABLE "db"."sqlmesh__sqlmesh_example"."sqlmesh_example__full_model__3221862751" AS SELECT CAST("item_id" AS INT) AS "item_id", CAST("num_orders" AS BIGINT) AS "num_orders" FROM (SELECT "incremental_model"."item_id" AS "item_id", COUNT(DISTINCT "incremental_model"."id") AS "num_orders" FROM "db"."sqlmesh__sqlmesh_example"."sqlmesh_example__incremental_model__1164253530" AS "incremental_model" GROUP BY "incremental_model"."item_id") AS "_subquery" (base.py:2410)
2025-08-25 13:54:14,186 - MainThread - sqlmesh.core.snapshot.evaluator - INFO - Auditing snapshot SnapshotId<"db"."sqlmesh_example"."full_model": 2788901432> (evaluator.py:609)
2025-08-25 13:54:14,187 - MainThread - sqlmesh.core.engine_adapter.base - INFO - Executing SQL: /* SQLMESH_PLAN: 4fc140c5fe54451e9ccec1d949d83347 */ DESCRIBE "db"."sqlmesh__sqlmesh_example"."sqlmesh_example__full_model__3221862751" (base.py:2410)
2025-08-25 13:54:14,189 - MainThread - sqlmesh.core.engine_adapter.base - INFO - Executing SQL: /* SQLMESH_PLAN: 4fc140c5fe54451e9ccec1d949d83347 */ SELECT COUNT(*) FROM (SELECT * FROM "db"."sqlmesh__sqlmesh_example"."sqlmesh_example__full_model__3221862751" AS "sqlmesh_example__full_model__3221862751" WHERE "item_id" < 0) AS "audit" (base.py:2410)
2025-08-25 13:54:14,190 - MainThread - sqlmesh.core.state_sync.db.facade - INFO - Adding interval (2025-08-24 00:00:00, 2025-08-25 00:00:00) for snapshot SnapshotId<"db"."sqlmesh_example"."full_model": 2788901432> (facade.py:619)
2025-08-25 13:54:14,190 - MainThread - sqlmesh.core.state_sync.db.interval - INFO - Pushing intervals for snapshot SnapshotId<"db"."sqlmesh_example"."full_model": 2788901432> (interval.py:213)
2025-08-25 13:54:14,197 - MainThread - sqlmesh.core.plan.evaluator - INFO - Evaluating plan stage EnvironmentRecordUpdateStage (evaluator.py:125)
2025-08-25 13:54:14,197 - MainThread - sqlmesh.core.state_sync.db.facade - INFO - Promoting environment 'prod' (facade.py:167)
2025-08-25 13:54:14,203 - MainThread - sqlmesh.core.plan.evaluator - INFO - Evaluating plan stage UnpauseStage (evaluator.py:125)
2025-08-25 13:54:14,206 - MainThread - sqlmesh.core.plan.evaluator - INFO - Evaluating plan stage VirtualLayerUpdateStage (evaluator.py:125)
2025-08-25 13:54:14,208 - MainThread - sqlmesh.core.snapshot.evaluator - INFO - Creating schema 'db.sqlmesh_example' (evaluator.py:1360)
2025-08-25 13:54:14,208 - MainThread - sqlmesh.core.engine_adapter.base - INFO - Executing SQL: /* SQLMESH_PLAN: 4fc140c5fe54451e9ccec1d949d83347 */ CREATE SCHEMA IF NOT EXISTS "db"."sqlmesh_example" (base.py:2410)
2025-08-25 13:54:14,208 - MainThread - sqlmesh.core.snapshot.evaluator - INFO - Updating view 'db.sqlmesh_example.seed_model' to point at table 'db.sqlmesh__sqlmesh_example.sqlmesh_example__seed_model__3896887493' (evaluator.py:1676)
2025-08-25 13:54:14,209 - MainThread - sqlmesh.core.engine_adapter.base - INFO - Executing SQL: /* SQLMESH_PLAN: 4fc140c5fe54451e9ccec1d949d83347 */ SELECT CURRENT_CATALOG() (base.py:2410)
2025-08-25 13:54:14,209 - MainThread - sqlmesh.core.engine_adapter.base - INFO - Executing SQL: /* SQLMESH_PLAN: 4fc140c5fe54451e9ccec1d949d83347 */ SELECT CURRENT_CATALOG() (base.py:2410)
2025-08-25 13:54:14,209 - MainThread - sqlmesh.core.engine_adapter.base - INFO - Executing SQL: /* SQLMESH_PLAN: 4fc140c5fe54451e9ccec1d949d83347 */ SELECT table_name AS name, table_schema AS schema, CASE table_type WHEN 'BASE TABLE' THEN 'table' WHEN 'VIEW' THEN 'view' WHEN 'LOCAL TEMPORARY' THEN 'table' END AS type FROM system.information_schema.tables WHERE (table_catalog = 'db' AND table_schema = 'sqlmesh_example') AND table_name IN ('seed_model') (base.py:2410)
2025-08-25 13:54:14,211 - MainThread - sqlmesh.core.engine_adapter.base - INFO - Executing SQL: /* SQLMESH_PLAN: 4fc140c5fe54451e9ccec1d949d83347 */ CREATE OR REPLACE VIEW "db"."sqlmesh_example"."seed_model" AS SELECT * FROM "db"."sqlmesh__sqlmesh_example"."sqlmesh_example__seed_model__3896887493" (base.py:2410)
2025-08-25 13:54:14,212 - MainThread - sqlmesh.core.snapshot.evaluator - INFO - Updating view 'db.sqlmesh_example.incremental_model' to point at table 'db.sqlmesh__sqlmesh_example.sqlmesh_example__incremental_model__1164253530' (evaluator.py:1676)
2025-08-25 13:54:14,213 - MainThread - sqlmesh.core.engine_adapter.base - INFO - Executing SQL: /* SQLMESH_PLAN: 4fc140c5fe54451e9ccec1d949d83347 */ SELECT CURRENT_CATALOG() (base.py:2410)
2025-08-25 13:54:14,213 - MainThread - sqlmesh.core.engine_adapter.base - INFO - Executing SQL: /* SQLMESH_PLAN: 4fc140c5fe54451e9ccec1d949d83347 */ SELECT CURRENT_CATALOG() (base.py:2410)
2025-08-25 13:54:14,214 - MainThread - sqlmesh.core.engine_adapter.base - INFO - Executing SQL: /* SQLMESH_PLAN: 4fc140c5fe54451e9ccec1d949d83347 */ SELECT table_name AS name, table_schema AS schema, CASE table_type WHEN 'BASE TABLE' THEN 'table' WHEN 'VIEW' THEN 'view' WHEN 'LOCAL TEMPORARY' THEN 'table' END AS type FROM system.information_schema.tables WHERE (table_catalog = 'db' AND table_schema = 'sqlmesh_example') AND table_name IN ('incremental_model') (base.py:2410)
2025-08-25 13:54:14,216 - MainThread - sqlmesh.core.engine_adapter.base - INFO - Executing SQL: /* SQLMESH_PLAN: 4fc140c5fe54451e9ccec1d949d83347 */ CREATE OR REPLACE VIEW "db"."sqlmesh_example"."incremental_model" AS SELECT * FROM "db"."sqlmesh__sqlmesh_example"."sqlmesh_example__incremental_model__1164253530" (base.py:2410)
2025-08-25 13:54:14,217 - MainThread - sqlmesh.core.snapshot.evaluator - INFO - Updating view 'db.sqlmesh_example.full_model' to point at table 'db.sqlmesh__sqlmesh_example.sqlmesh_example__full_model__3221862751' (evaluator.py:1676)
2025-08-25 13:54:14,218 - MainThread - sqlmesh.core.engine_adapter.base - INFO - Executing SQL: /* SQLMESH_PLAN: 4fc140c5fe54451e9ccec1d949d83347 */ SELECT CURRENT_CATALOG() (base.py:2410)
2025-08-25 13:54:14,218 - MainThread - sqlmesh.core.engine_adapter.base - INFO - Executing SQL: /* SQLMESH_PLAN: 4fc140c5fe54451e9ccec1d949d83347 */ SELECT CURRENT_CATALOG() (base.py:2410)
2025-08-25 13:54:14,218 - MainThread - sqlmesh.core.engine_adapter.base - INFO - Executing SQL: /* SQLMESH_PLAN: 4fc140c5fe54451e9ccec1d949d83347 */ SELECT table_name AS name, table_schema AS schema, CASE table_type WHEN 'BASE TABLE' THEN 'table' WHEN 'VIEW' THEN 'view' WHEN 'LOCAL TEMPORARY' THEN 'table' END AS type FROM system.information_schema.tables WHERE (table_catalog = 'db' AND table_schema = 'sqlmesh_example') AND table_name IN ('full_model') (base.py:2410)
2025-08-25 13:54:14,220 - MainThread - sqlmesh.core.engine_adapter.base - INFO - Executing SQL: /* SQLMESH_PLAN: 4fc140c5fe54451e9ccec1d949d83347 */ CREATE OR REPLACE VIEW "db"."sqlmesh_example"."full_model" AS SELECT * FROM "db"."sqlmesh__sqlmesh_example"."sqlmesh_example__full_model__3221862751" (base.py:2410)
2025-08-25 13:54:14,222 - MainThread - sqlmesh.core.plan.evaluator - INFO - Evaluating plan stage FinalizeEnvironmentStage (evaluator.py:125)
2025-08-25 13:54:14,222 - MainThread - sqlmesh.core.state_sync.db.environment - INFO - Finalizing environment 'prod' (environment.py:139)
2025-08-25 13:54:14,230 - MainThread - root - INFO - Shutting down the event dispatcher (dispatcher.py:159)
